<?xml version="1.0" encoding="UTF-8"?>
<testsuite name="com.skh.stopwatch.ExampleUnitTest" tests="1" skipped="0" failures="0" errors="0" timestamp="2024-11-23T15:59:03" hostname="DESKTOP-MP4BSRU" time="5.019">
  <properties/>
  <testcase name="test_timer_stop_at_5s" classname="com.skh.stopwatch.ExampleUnitTest" time="5.019"/>
  <system-out><![CDATA[]]></system-out>
  <system-err><![CDATA[]]></system-err>
</testsuite>
